0 info it worked if it ends with ok
1 verbose cli [ 'C:\\Program Files\\nodejs\\node.exe',
1 verbose cli   'C:\\Program Files\\nodejs\\node_modules\\npm\\bin\\npm-cli.js',
1 verbose cli   'run',
1 verbose cli   'webpack-devserver' ]
2 info using npm@3.10.10
3 info using node@v6.11.5
4 verbose run-script [ 'prewebpack-devserver',
4 verbose run-script   'webpack-devserver',
4 verbose run-script   'postwebpack-devserver' ]
5 info lifecycle shop@1.0.0~prewebpack-devserver: shop@1.0.0
6 silly lifecycle shop@1.0.0~prewebpack-devserver: no script for prewebpack-devserver, continuing
7 info lifecycle shop@1.0.0~webpack-devserver: shop@1.0.0
8 verbose lifecycle shop@1.0.0~webpack-devserver: unsafe-perm in lifecycle true
9 verbose lifecycle shop@1.0.0~webpack-devserver: PATH: C:\Program Files\nodejs\node_modules\npm\bin\node-gyp-bin;D:\Projects\VS2017\shop\node_modules\.bin;C:\WINDOWS\system32;C:\WINDOWS;C:\WINDOWS\System32\Wbem;C:\WINDOWS\System32\WindowsPowerShell\v1.0\;C:\Program Files (x86)\IVI Foundation\VISA\WinNT\Bin\;C:\Program Files\IVI Foundation\VISA\Win64\Bin\;C:\Program Files (x86)\IVI Foundation\VISA\WinNT\Bin;C:\WINDOWS\system32\config\systemprofile\.dnx\bin;C:\Program Files\Microsoft DNX\Dnvm\;C:\Program Files\Microsoft SQL Server\130\Tools\Binn\;C:\Program Files\Git\cmd;C:\Program Files (x86)\Skype\Phone\;C:\Program Files\nodejs\;C:\Program Files\dotnet\;C:\Program Files (x86)\Microsoft SQL Server\Client SDK\ODBC\130\Tools\Binn\;C:\Program Files (x86)\Microsoft SQL Server\140\Tools\Binn\;C:\Program Files (x86)\Microsoft SQL Server\140\DTS\Binn\;C:\Program Files (x86)\Microsoft SQL Server\140\Tools\Binn\ManagementStudio\;C:\Users\Eco_i\AppData\Local\Microsoft\WindowsApps;;C:\Users\Eco_i\AppData\Roaming\npm;C:\Users\Eco_i\AppData\Local\Programs\Fiddler
10 verbose lifecycle shop@1.0.0~webpack-devserver: CWD: D:\Projects\VS2017\shop
11 silly lifecycle shop@1.0.0~webpack-devserver: Args: [ '/d /s /c',
11 silly lifecycle   'webpack-dev-server --open --inline --hot --content-base public/' ]
12 silly lifecycle shop@1.0.0~webpack-devserver: Returned: code: 3221225786  signal: null
13 info lifecycle shop@1.0.0~webpack-devserver: Failed to exec webpack-devserver script
14 verbose stack Error: shop@1.0.0 webpack-devserver: `webpack-dev-server --open --inline --hot --content-base public/`
14 verbose stack Exit status 3221225786
14 verbose stack     at EventEmitter.<anonymous> (C:\Program Files\nodejs\node_modules\npm\lib\utils\lifecycle.js:255:16)
14 verbose stack     at emitTwo (events.js:106:13)
14 verbose stack     at EventEmitter.emit (events.js:191:7)
14 verbose stack     at ChildProcess.<anonymous> (C:\Program Files\nodejs\node_modules\npm\lib\utils\spawn.js:40:14)
14 verbose stack     at emitTwo (events.js:106:13)
14 verbose stack     at ChildProcess.emit (events.js:191:7)
14 verbose stack     at maybeClose (internal/child_process.js:920:16)
14 verbose stack     at Process.ChildProcess._handle.onexit (internal/child_process.js:230:5)
15 verbose pkgid shop@1.0.0
16 verbose cwd D:\Projects\VS2017\shop
17 error Windows_NT 10.0.16299
18 error argv "C:\\Program Files\\nodejs\\node.exe" "C:\\Program Files\\nodejs\\node_modules\\npm\\bin\\npm-cli.js" "run" "webpack-devserver"
19 error node v6.11.5
20 error npm  v3.10.10
21 error code ELIFECYCLE
22 error shop@1.0.0 webpack-devserver: `webpack-dev-server --open --inline --hot --content-base public/`
22 error Exit status 3221225786
23 error Failed at the shop@1.0.0 webpack-devserver script 'webpack-dev-server --open --inline --hot --content-base public/'.
23 error Make sure you have the latest version of node.js and npm installed.
23 error If you do, this is most likely a problem with the shop package,
23 error not with npm itself.
23 error Tell the author that this fails on your system:
23 error     webpack-dev-server --open --inline --hot --content-base public/
23 error You can get information on how to open an issue for this project with:
23 error     npm bugs shop
23 error Or if that isn't available, you can get their info via:
23 error     npm owner ls shop
23 error There is likely additional logging output above.
24 verbose exit [ 1, true ]
